2026-02-18 13:19:13,138 [main] INFO  c.d.canton.CantonCommunityApp$ - Starting Canton version 2.10.3
2026-02-18 13:19:13,522 [main] INFO  c.d.canton.CantonCommunityApp$ - Starting up with resolved config:
domains {
    local {
        admin-api {
            port=6868
        }
        init {
            domain-parameters {
                protocol-version="7"
            }
        }
        public-api {
            port=6867
        }
        storage {
            type=memory
        }
    }
}
parameters {
    dev-version-support=true
    non-standard-config=true
    ports-file="/var/folders/sc/1mp26wvj6_ng81jr712qtmwm0000gn/T/extra-dir-51432325957/canton-portfile.json"
}
participants {
    sandbox {
        admin-api {
            port=6866
        }
        ledger-api {
            port=6865
            user-management-service {
                enabled=true
            }
        }
        parameters {
            dev-version-support=true
        }
        storage {
            type=memory
        }
    }
}

2026-02-18 13:19:13,536 [main] INFO  c.d.c.e.CommunityEnvironment - Deriving 10 as number of threads from 'sys.runtime.availableProcessors()'. Please use '-Dscala.concurrent.context.numThreads' to override.
2026-02-18 13:19:13,633 [canton-env-ec-20] INFO  o.a.pekko.event.slf4j.Slf4jLogger - Slf4jLogger started
2026-02-18 13:19:13,668 [main] INFO  c.d.c.t.OpenTelemetryFactory$ - Initializing open telemetry with Exporter.Disabled
2026-02-18 13:19:13,699 [main] INFO  c.d.c.e.CommunityEnvironment tid:3caa7f32656554aa09ab273630d35515 - Automatically starting all instances
2026-02-18 13:19:13,871 [canton-env-ec-20] INFO  c.d.c.crypto.Crypto:domain=local - 'crypto' is now in state Ok(). Previous state was Not Initialized.
2026-02-18 13:19:13,871 [canton-env-ec-21] INFO  c.d.c.c.Crypto:participant=sandbox - 'crypto' is now in state Ok(). Previous state was Not Initialized.
2026-02-18 13:19:13,877 [canton-env-ec-22] INFO  c.d.c.p.ParticipantNodeBootstrap:participant=sandbox - Starting admin-api services on CommunityAdminServerConfig(127.0.0.1,Some(6866),None,Some(BasicKeepAliveServerConfig(40s,20s,20s,false)),10485760,List(),None)
2026-02-18 13:19:13,877 [canton-env-ec-27] INFO  c.d.c.d.DomainNodeBootstrap:domain=local - Starting admin-api services on CommunityAdminServerConfig(127.0.0.1,Some(6868),None,Some(BasicKeepAliveServerConfig(40s,20s,20s,false)),10485760,List(),None)
2026-02-18 13:19:14,105 [canton-env-ec-27] INFO  c.d.c.d.DomainNodeBootstrap:domain=local - 'domain' is now in state ServingStatus(status = 'SERVING'). Previous state was ServingStatus(status = 'NOT_SERVING').
2026-02-18 13:19:14,106 [canton-env-ec-22] INFO  c.d.c.p.ParticipantNodeBootstrap:participant=sandbox - 'participant' is now in state ServingStatus(status = 'SERVING'). Previous state was ServingStatus(status = 'NOT_SERVING').
2026-02-18 13:19:14,171 [canton-env-ec-31] INFO  c.d.c.d.DomainNodeBootstrap:domain=local - Node is not initialized yet. Performing automated default initialization.
2026-02-18 13:19:14,171 [canton-env-ec-29] INFO  c.d.c.p.ParticipantNodeBootstrap:participant=sandbox - Node is not initialized yet. Performing automated default initialization.
2026-02-18 13:19:14,324 [canton-env-ec-22] INFO  c.d.c.d.t.DomainTopologyManager:domain=local tid:76ccbf4b4f4e5b21b71516372ac4027a - Applied topology transaction Add NamespaceDelegation(12200c10cccc..., SigningPublicKey(id = 12200c10cccc..., format = Tink, scheme = Ed25519), true) at 2026-02-18T18:19:14.323641Z
2026-02-18 13:19:14,324 [canton-env-ec-27] INFO  c.d.c.p.t.ParticipantTopologyManager:participant=sandbox tid:3980cec20e3c7006a8a1c538900d0548 - Applied topology transaction Add NamespaceDelegation(12209b97fc5e..., SigningPublicKey(id = 12209b97fc5e..., format = Tink, scheme = Ed25519), true) at 2026-02-18T18:19:14.323637Z
2026-02-18 13:19:14,343 [canton-env-ec-33] INFO  c.d.c.d.t.DomainTopologyManager:domain=local tid:76ccbf4b4f4e5b21b71516372ac4027a - Applied topology transaction Replace DomainParametersChange(
  local::12200c10cccc...,
  DynamicDomainParameters(
    participant response timeout = 30s,
    mediator reaction timeout = 30s,
    transfer exclusivity timeout = 1m,
    topology change delay = 0.25s,
    ledger time record time tolerance = 1m,
    mediator deduplication timeout = 2m,
    reconciliation interval = 1m,
    max rate per participant = 1000000,
    max request size = 10485760,
    catchup config = CatchUpConfig(catchUpIntervalSkip = 5, nrIntervalsToTriggerCatchUp = 2)
  )
) at 2026-02-18T18:19:14.342349Z
2026-02-18 13:19:14,351 [canton-env-ec-33] INFO  c.d.c.d.t.DomainTopologyManager:domain=local tid:76ccbf4b4f4e5b21b71516372ac4027a - Applied topology transaction Add OwnerToKeyMapping(DOM::local::12200c10cccc..., SigningPublicKey(id = 1220909bdf50..., format = Tink, scheme = Ed25519)) at 2026-02-18T18:19:14.350591Z
2026-02-18 13:19:14,357 [canton-env-ec-30] INFO  c.d.c.d.t.DomainTopologyManager:domain=local - Applied topology transaction Add OwnerToKeyMapping(MED::local::12200c10cccc..., SigningPublicKey(id = 1220cba5c52b..., format = Tink, scheme = Ed25519)) at 2026-02-18T18:19:14.356798Z
2026-02-18 13:19:14,362 [canton-env-ec-30] INFO  c.d.c.d.t.DomainTopologyManager:domain=local - Applied topology transaction Add MediatorDomainState(Both, local::12200c10cccc..., MED::local::12200c10cccc...) at 2026-02-18T18:19:14.362229Z
2026-02-18 13:19:14,366 [canton-env-ec-20] INFO  c.d.c.p.a.PackageUploader:participant=sandbox - Initializing Upgradable Package Resolution View
2026-02-18 13:19:14,367 [canton-env-ec-26] INFO  c.d.c.p.a.PackageUploader:participant=sandbox - Upgradable Package Resolution View has been initialized (0 ms)
2026-02-18 13:19:14,373 [canton-env-ec-27] INFO  c.d.c.d.t.DomainTopologyManager:domain=local - Applied topology transaction Add OwnerToKeyMapping(SEQ::local::12200c10cccc..., SigningPublicKey(id = 1220061c6ebc..., format = Tink, scheme = Ed25519)) at 2026-02-18T18:19:14.372961Z
2026-02-18 13:19:14,374 [canton-env-ec-26] INFO  c.d.c.d.DomainNodeBootstrap:domain=local - Initializing node with id NodeId(local::12200c10cccc...)
2026-02-18 13:19:14,408 [canton-env-ec-30] INFO  c.d.c.p.s.CantonSyncService:participant=sandbox tid:2f5c2b61788807bc85f95c00be88ba10 - Recovering published timely rejections
2026-02-18 13:19:14,411 [canton-env-ec-22] INFO  c.d.c.p.s.CantonSyncService:participant=sandbox tid:2f5c2b61788807bc85f95c00be88ba10 - Publishing the unpublished events from the ParticipantEventLog
2026-02-18 13:19:14,456 [canton-env-ec-26] INFO  c.d.c.p.l.a.StartableStoppableLedgerApiServer:participant=sandbox - Creating storage, num-indexer: 16, num-ledger-api: 5
2026-02-18 13:19:14,473 [canton-env-ec-30] INFO  c.d.c.d.s.SequencerRuntime:domain=local - Sequencer is healthy
2026-02-18 13:19:14,487 [canton-env-ec-30] INFO  c.d.c.h.MutableHealthQuasiComponent:domain=local - 'sequencer' is now in state SequencerHealthStatus(active = true). Previous state was SequencerHealthStatus(active = false).
2026-02-18 13:19:14,487 [canton-env-ec-30] INFO  c.d.c.d.DomainNodeBootstrap:domain=local - 'sequencer-health-check-service' is now in state ServingStatus(status = 'SERVING'). Previous state was ServingStatus(status = 'NOT_SERVING').
2026-02-18 13:19:14,544 [canton-env-ec-20] INFO  c.d.c.p.s.b.VerifiedDataSource$:participant=sandbox - Attempting to connect to the database (attempt 1/600)
2026-02-18 13:19:14,650 [canton-env-ec-26] INFO  c.d.c.p.s.FlywayMigrations:participant=sandbox - Ensuring Flyway migration has either not started or there are no pending migrations...
2026-02-18 13:19:14,653 [canton-env-ec-26] INFO  o.f.c.i.license.VersionPrinter - Flyway Community Edition 9.22.3 by Redgate
2026-02-18 13:19:14,653 [canton-env-ec-26] INFO  o.f.c.i.license.VersionPrinter - See release notes here: https://rd.gt/416ObMi
2026-02-18 13:19:14,653 [canton-env-ec-26] INFO  o.f.c.i.license.VersionPrinter - 
2026-02-18 13:19:14,675 [canton-env-ec-26] INFO  org.flywaydb.core.FlywayExecutor - Database: jdbc:h2:mem:ledger_api_sandbox12209b97fc5eef63d7f6699711ac106823a41480611fdfa28cfb144cfe52057df749_1950caa2c76f40aeb1314b954a5ca99e (H2 2.1)
2026-02-18 13:19:14,684 [canton-env-ec-26] INFO  o.f.c.i.s.JdbcTableSchemaHistory - Schema history table "PUBLIC"."flyway_schema_history" does not exist yet
2026-02-18 13:19:14,684 [canton-env-ec-29] INFO  c.d.c.s.c.SequencerClientImpl:domain=local/client=topology-manager - No event found up to 0001-01-01T00:00:00Z. Resubscribing from the beginning.
2026-02-18 13:19:14,685 [canton-env-ec-29] INFO  c.d.c.s.c.SequencerClientImpl:domain=local/client=topology-manager - Processing events from the SequencedEventStore from 0001-01-01T00:00:00.000001Z on
2026-02-18 13:19:14,690 [canton-env-ec-26] INFO  o.f.c.i.s.JdbcTableSchemaHistory - Schema history table "PUBLIC"."flyway_schema_history" does not exist yet
2026-02-18 13:19:14,691 [canton-env-ec-26] INFO  c.d.c.p.s.FlywayMigrations:participant=sandbox - Running Flyway migration on empty database with 1 migrations pending...
2026-02-18 13:19:14,694 [canton-env-ec-26] INFO  o.f.c.i.s.JdbcTableSchemaHistory - Schema history table "PUBLIC"."flyway_schema_history" does not exist yet
2026-02-18 13:19:14,695 [canton-env-ec-26] INFO  o.f.c.internal.command.DbValidate - Successfully validated 1 migration (execution time 00:00.001s)
2026-02-18 13:19:14,696 [canton-env-ec-26] INFO  o.f.c.i.s.JdbcTableSchemaHistory - Creating Schema History table "PUBLIC"."flyway_schema_history" ...
2026-02-18 13:19:14,701 [canton-env-ec-29] INFO  c.d.c.s.c.SequencerClientImpl:domain=local/client=topology-manager - Starting subscription for alias=SEQ::local::12200c10cccc... at timestamp None; next counter 0
2026-02-18 13:19:14,705 [canton-env-ec-26] INFO  o.f.core.internal.command.DbMigrate - Current version of schema "PUBLIC": << Empty Schema >>
2026-02-18 13:19:14,706 [canton-env-ec-29] INFO  c.d.c.h.DelegatingMutableHealthComponent:domain=local/client=topology-manager - 'sequencer-client' is now in state Ok(). Previous state was Not Initialized.
2026-02-18 13:19:14,720 [canton-env-ec-26] INFO  o.f.core.internal.command.DbMigrate - Migrating schema "PUBLIC" to version "1 - Append only schema"
2026-02-18 13:19:14,726 [canton-env-ec-30] INFO  c.d.c.d.i.TopologyManagementInitialization$:domain=local - Sending initial topology transactions to domain members Set(DOM::local::12200c10cccc..., MED::local::12200c10cccc...) as DOM::local::12200c10cccc...
2026-02-18 13:19:14,748 [canton-env-ec-28] INFO  c.d.c.d.s.a.MemberAuthenticationServiceOld:domain=local - DOM::local::12200c10cccc... authenticated new token with expiry 2026-02-18T19:19:14.748048Z
2026-02-18 13:19:14,751 [canton-env-ec-26] INFO  o.f.core.internal.command.DbMigrate - Successfully applied 1 migration to schema "PUBLIC", now at version v1 (execution time 00:00.027s)
2026-02-18 13:19:14,751 [canton-env-ec-26] INFO  c.d.c.p.s.FlywayMigrations:participant=sandbox - Flyway schema migration finished successfully, applying 1 steps on empty database.
2026-02-18 13:19:14,772 [canton-env-ec-30] INFO  c.d.c.p.i.RecoveringIndexer:participant=sandbox - Starting Indexer Server
2026-02-18 13:19:14,772 [canton-env-ec-28] INFO  c.d.c.d.s.s.GrpcSequencerService:domain=local - DOM::local::12200c10cccc... subscribes from counter=0
2026-02-18 13:19:14,780 [canton-env-ec-30] INFO  com.zaxxer.hikari.HikariDataSource - daml.index.db.connection.indexer - Starting...
2026-02-18 13:19:14,785 [canton-env-ec-30] INFO  com.zaxxer.hikari.HikariDataSource - daml.index.db.connection.indexer - Start completed.
2026-02-18 13:19:14,798 [canton-env-ec-29] INFO  c.d.c.p.i.p.InitializeParallelIngestion:participant=sandbox - Attempting to initialize with participant ID sandbox::12209b97fc5eef63d7f6699711ac106823a41480611fdfa28cfb144cfe52057df749
2026-02-18 13:19:14,800 [daml.index.db.threadpool.connection.indexer-1] INFO  c.d.c.p.s.b.c.ParameterStorageBackendImpl$:participant=sandbox - Initializing new database for participantId 'sandbox::12209b97fc5eef63d7f6699711ac106823a41480611fdfa28cfb144cfe52057df749'
2026-02-18 13:19:14,810 [canton-env-ec-22] INFO  c.d.c.p.InMemoryState:participant=sandbox - Initializing participant in-memory state to ledger end: LedgerEnd(Offset(Bytes()),0,0)
2026-02-18 13:19:14,812 [canton-env-ec-29] INFO  c.d.c.d.s.s.GrpcSequencerService:domain=local tid:ea10fa8252cb1d48f66ba039ae924aad - 'DOM::local::12200c10cccc...' sends request with id 'c48fbb73-02eb-49c6-9db9-c98550723a39' of size 1787 bytes with 2 envelopes.
2026-02-18 13:19:14,820 [canton-env-ec-33] INFO  c.d.c.p.i.UpdatePackageMetadataView$:participant=sandbox - Package Metadata View has been initialized (4 ms)
2026-02-18 13:19:14,830 [canton-env-ec-29] INFO  c.d.c.p.i.UpdatePackageMetadataView$:participant=sandbox - Checking loaded packages for upgrade compatibility finished after (9 ms)
2026-02-18 13:19:14,831 [canton-env-ec-31] INFO  c.d.c.p.DispatcherState:participant=sandbox - Started a Ledger API offset dispatcher at initialization offset: Offset(Bytes()).
2026-02-18 13:19:14,840 [canton-env-ec-33] INFO  c.d.c.d.s.s.SequencerReader$EventsReader:domain=local/subscriber=DOM::local::12200c10cccc tid:ea10fa8252cb1d48f66ba039ae924aad - Using approximate topology snapshot at 0001-01-01T00:00:00.000001Z for desired timestamp 2026-02-18T18:19:14.830374Z
2026-02-18 13:19:14,855 [canton-env-ec-31] INFO  c.d.c.p.i.p.ParallelIndexerFactory$:participant=sandbox - Indexer initialized, indexing started.
2026-02-18 13:19:14,855 [canton-env-ec-26] INFO  c.d.c.p.i.RecoveringIndexer:participant=sandbox - Started Indexer Server
2026-02-18 13:19:14,856 [canton-env-ec-20] INFO  com.zaxxer.hikari.HikariDataSource - daml.index.db.connection.api-server - Starting...
2026-02-18 13:19:14,856 [canton-env-ec-20] INFO  com.zaxxer.hikari.HikariDataSource - daml.index.db.connection.api-server - Start completed.
2026-02-18 13:19:14,858 [canton-env-ec-30] INFO  c.d.c.s.c.SequencedEventValidatorImpl:domain=local/client=topology-manager tid:ea10fa8252cb1d48f66ba039ae924aad - Skipping signature verification of the first sequenced event due to a fresh subscription from SEQ::local::12200c10cccc...
2026-02-18 13:19:14,866 [input-mapping-pool-0] INFO  c.d.c.p.i.p.ParallelIndexerSubscription:participant=sandbox tid:2f5c2b61788807bc85f95c00be88ba10 - Storing at offset=000000000000000001 ConfigurationChanged(
  recordTime = 2026-02-18T18:19:14.418436Z,
  configuration = Configuration(generation = 1, maxDeduplicationDuration = 168h, timeModel = LedgerTimeModel(avgTransactionLatency = 0s, minSkew = 8760h, maxSkew = 8760h)),
  ...
)
2026-02-18 13:19:14,894 [canton-env-ec-22] INFO  c.d.c.p.i.IndexServiceOwner:participant=sandbox - Found existing participant with ID: sandbox::12209b97fc5eef63d7f6699711ac106823a41480611fdfa28cfb144cfe52057df749`
2026-02-18 13:19:14,910 [canton-env-ec-30] INFO  c.d.c.t.p.DomainTopologyTransactionMessageValidator$Impl:domain=local/client=topology-manager tid:ea10fa8252cb1d48f66ba039ae924aad - Using approximate topology snapshot at 0001-01-01T00:00:00.000001Z for desired timestamp 2026-02-18T18:19:14.830374Z
2026-02-18 13:19:14,917 [canton-env-ec-26] INFO  c.d.c.t.p.TopologyTransactionProcessor:domain=local/client=topology-manager tid:ea10fa8252cb1d48f66ba039ae924aad - Updated topology change delay from=0s to 0.25s
2026-02-18 13:19:14,918 [canton-env-ec-27] INFO  c.d.c.t.p.TopologyTransactionProcessor:domain=local/client=topology-manager tid:ea10fa8252cb1d48f66ba039ae924aad - Storing topology transaction 1/6 Add NamespaceDelegation(12200c10cccc..., SigningPublicKey(id = 12200c10cccc..., format = Tink, scheme = Ed25519), true) with ts=EffectiveTime(2026-02-18T18:19:14.830374Z) (epsilon=0 ms)
2026-02-18 13:19:14,919 [canton-env-ec-27] INFO  c.d.c.t.p.TopologyTransactionProcessor:domain=local/client=topology-manager tid:ea10fa8252cb1d48f66ba039ae924aad - Storing topology transaction 2/6 Replace DomainParametersChange(
  local::12200c10cccc...,
  DynamicDomainParameters(
    participant response timeout = 30s,
    mediator reaction timeout = 30s,
    transfer exclusivity timeout = 1m,
    topology change delay = 0.25s,
    ledger time record time tolerance = 1m,
    mediator deduplication timeout = 2m,
    reconciliation interval = 1m,
    max rate per participant = 1000000,
    max request size = 10485760,
    catchup config = CatchUpConfig(catchUpIntervalSkip = 5, nrIntervalsToTriggerCatchUp = 2)
  )
) with ts=EffectiveTime(2026-02-18T18:19:14.830374Z) (epsilon=0 ms)
2026-02-18 13:19:14,919 [canton-env-ec-27] INFO  c.d.c.t.p.TopologyTransactionProcessor:domain=local/client=topology-manager tid:ea10fa8252cb1d48f66ba039ae924aad - Storing topology transaction 3/6 Add OwnerToKeyMapping(DOM::local::12200c10cccc..., SigningPublicKey(id = 1220909bdf50..., format = Tink, scheme = Ed25519)) with ts=EffectiveTime(2026-02-18T18:19:14.830374Z) (epsilon=0 ms)
2026-02-18 13:19:14,919 [canton-env-ec-27] INFO  c.d.c.t.p.TopologyTransactionProcessor:domain=local/client=topology-manager tid:ea10fa8252cb1d48f66ba039ae924aad - Storing topology transaction 4/6 Add OwnerToKeyMapping(MED::local::12200c10cccc..., SigningPublicKey(id = 1220cba5c52b..., format = Tink, scheme = Ed25519)) with ts=EffectiveTime(2026-02-18T18:19:14.830374Z) (epsilon=0 ms)
2026-02-18 13:19:14,919 [canton-env-ec-27] INFO  c.d.c.t.p.TopologyTransactionProcessor:domain=local/client=topology-manager tid:ea10fa8252cb1d48f66ba039ae924aad - Storing topology transaction 5/6 Add MediatorDomainState(Both, local::12200c10cccc..., MED::local::12200c10cccc...) with ts=EffectiveTime(2026-02-18T18:19:14.830374Z) (epsilon=0 ms)
2026-02-18 13:19:14,920 [canton-env-ec-27] INFO  c.d.c.t.p.TopologyTransactionProcessor:domain=local/client=topology-manager tid:ea10fa8252cb1d48f66ba039ae924aad - Storing topology transaction 6/6 Add OwnerToKeyMapping(SEQ::local::12200c10cccc..., SigningPublicKey(id = 1220061c6ebc..., format = Tink, scheme = Ed25519)) with ts=EffectiveTime(2026-02-18T18:19:14.830374Z) (epsilon=0 ms)
2026-02-18 13:19:14,924 [canton-env-ec-21] INFO  c.d.c.p.a.r.MemoryCheck$:participant=sandbox - Using 'tenured' memory pool G1 Old Gen.  Setting its collection pool threshold to 4294967296
2026-02-18 13:19:14,942 [canton-env-ec-31] INFO  c.d.c.h.MutableHealthComponent:domain=local - 'domain-topology-sender' is now in state Ok(). Previous state was Not Initialized.
2026-02-18 13:19:14,944 [canton-env-ec-26] INFO  c.d.c.p.a.ApiServices$Owner:participant=sandbox - Daml-LF Engine supports LF versions: 1.14, 1.15, 1.17, 1.dev
2026-02-18 13:19:14,951 [canton-env-ec-31] INFO  c.d.c.p.a.c.LedgerConfigurationSubscriptionFromIndex:participant=sandbox - Initial ledger configuration lookup found configuration Configuration(1,LedgerTimeModel(PT0S,PT8760H,PT8760H),PT168H) at Absolute(000000000000000001). Looking for new ledger configurations from this offset.
2026-02-18 13:19:14,981 [canton-env-ec-20] INFO  c.d.c.s.c.SequencerClientImpl:domain=local/client=mediator - No event found up to 0001-01-01T00:00:00Z. Resubscribing from the beginning.
2026-02-18 13:19:14,981 [canton-env-ec-20] INFO  c.d.c.s.c.SequencerClientImpl:domain=local/client=mediator - Processing events from the SequencedEventStore from 0001-01-01T00:00:00.000001Z on
2026-02-18 13:19:14,982 [canton-env-ec-26] INFO  c.d.c.s.c.SequencerClientImpl:domain=local/client=mediator - Starting subscription for alias=SEQ::local::12200c10cccc... at timestamp None; next counter 0
2026-02-18 13:19:14,983 [canton-env-ec-26] INFO  c.d.c.h.DelegatingMutableHealthComponent:domain=local/client=mediator - 'sequencer-client' is now in state Ok(). Previous state was Not Initialized.
2026-02-18 13:19:14,995 [canton-env-ec-27] INFO  c.d.c.d.s.a.MemberAuthenticationServiceOld:domain=local - MED::local::12200c10cccc... authenticated new token with expiry 2026-02-18T19:19:14.995208Z
2026-02-18 13:19:14,998 [canton-env-ec-27] INFO  c.d.c.d.s.s.GrpcSequencerService:domain=local - MED::local::12200c10cccc... subscribes from counter=0
2026-02-18 13:19:15,006 [canton-env-ec-29] INFO  c.d.c.s.c.SequencedEventValidatorImpl:domain=local/client=mediator tid:ea10fa8252cb1d48f66ba039ae924aad - Skipping signature verification of the first sequenced event due to a fresh subscription from SEQ::local::12200c10cccc...
2026-02-18 13:19:15,010 [canton-env-ec-29] INFO  c.d.c.d.m.Mediator:domain=local/node=mediator tid:ea10fa8252cb1d48f66ba039ae924aad - Caught up with batch with counter=0 with sequencer with 180 ms delay
2026-02-18 13:19:15,010 [canton-env-ec-29] INFO  c.d.c.t.p.DomainTopologyTransactionMessageValidator$Impl:domain=local/node=mediator/client=mediator tid:ea10fa8252cb1d48f66ba039ae924aad - Using approximate topology snapshot at 0001-01-01T00:00:00.000001Z for desired timestamp 2026-02-18T18:19:14.830374Z
2026-02-18 13:19:15,014 [canton-env-ec-28] INFO  c.d.c.t.p.TopologyTransactionProcessor:domain=local/node=mediator/client=mediator tid:ea10fa8252cb1d48f66ba039ae924aad - Updated topology change delay from=0s to 0.25s
2026-02-18 13:19:15,015 [canton-env-ec-30] INFO  c.d.c.t.p.TopologyTransactionProcessor:domain=local/node=mediator/client=mediator tid:ea10fa8252cb1d48f66ba039ae924aad - Storing topology transaction 1/6 Add NamespaceDelegation(12200c10cccc..., SigningPublicKey(id = 12200c10cccc..., format = Tink, scheme = Ed25519), true) with ts=EffectiveTime(2026-02-18T18:19:14.830374Z) (epsilon=0 ms)
2026-02-18 13:19:15,015 [canton-env-ec-30] INFO  c.d.c.t.p.TopologyTransactionProcessor:domain=local/node=mediator/client=mediator tid:ea10fa8252cb1d48f66ba039ae924aad - Storing topology transaction 2/6 Replace DomainParametersChange(
  local::12200c10cccc...,
  DynamicDomainParameters(
    participant response timeout = 30s,
    mediator reaction timeout = 30s,
    transfer exclusivity timeout = 1m,
    topology change delay = 0.25s,
    ledger time record time tolerance = 1m,
    mediator deduplication timeout = 2m,
    reconciliation interval = 1m,
    max rate per participant = 1000000,
    max request size = 10485760,
    catchup config = CatchUpConfig(catchUpIntervalSkip = 5, nrIntervalsToTriggerCatchUp = 2)
  )
) with ts=EffectiveTime(2026-02-18T18:19:14.830374Z) (epsilon=0 ms)
2026-02-18 13:19:15,016 [canton-env-ec-30] INFO  c.d.c.t.p.TopologyTransactionProcessor:domain=local/node=mediator/client=mediator tid:ea10fa8252cb1d48f66ba039ae924aad - Storing topology transaction 3/6 Add OwnerToKeyMapping(DOM::local::12200c10cccc..., SigningPublicKey(id = 1220909bdf50..., format = Tink, scheme = Ed25519)) with ts=EffectiveTime(2026-02-18T18:19:14.830374Z) (epsilon=0 ms)
2026-02-18 13:19:15,016 [canton-env-ec-30] INFO  c.d.c.t.p.TopologyTransactionProcessor:domain=local/node=mediator/client=mediator tid:ea10fa8252cb1d48f66ba039ae924aad - Storing topology transaction 4/6 Add OwnerToKeyMapping(MED::local::12200c10cccc..., SigningPublicKey(id = 1220cba5c52b..., format = Tink, scheme = Ed25519)) with ts=EffectiveTime(2026-02-18T18:19:14.830374Z) (epsilon=0 ms)
2026-02-18 13:19:15,016 [canton-env-ec-30] INFO  c.d.c.t.p.TopologyTransactionProcessor:domain=local/node=mediator/client=mediator tid:ea10fa8252cb1d48f66ba039ae924aad - Storing topology transaction 5/6 Add MediatorDomainState(Both, local::12200c10cccc..., MED::local::12200c10cccc...) with ts=EffectiveTime(2026-02-18T18:19:14.830374Z) (epsilon=0 ms)
2026-02-18 13:19:15,016 [canton-env-ec-30] INFO  c.d.c.t.p.TopologyTransactionProcessor:domain=local/node=mediator/client=mediator tid:ea10fa8252cb1d48f66ba039ae924aad - Storing topology transaction 6/6 Add OwnerToKeyMapping(SEQ::local::12200c10cccc..., SigningPublicKey(id = 1220061c6ebc..., format = Tink, scheme = Ed25519)) with ts=EffectiveTime(2026-02-18T18:19:14.830374Z) (epsilon=0 ms)
2026-02-18 13:19:15,079 [canton-env-ec-21] INFO  c.d.c.p.a.LedgerApiService:participant=sandbox - Listening on 127.0.0.1:6865 over plain text with LedgerApiKeepAliveServerConfig(10m,20s,10s,true).
2026-02-18 13:19:15,079 [canton-env-ec-26] INFO  c.d.c.p.a.ApiServiceOwner$:participant=sandbox - Initialized API server version {component version not found on classpath} with ledger-id = sandbox, port = 6865.
2026-02-18 13:19:15,098 [canton-env-ec-28] INFO  c.d.c.p.a.s.ApiLedgerIdentityService:participant=sandbox tid:f1ebe669fa6301b63d9b6b9e3e55945f - Received request for ledger identity: GetLedgerIdentityRequest().
2026-02-18 13:19:15,628 [canton-env-ec-22] INFO  c.d.c.p.a.s.ApiPackageService:participant=sandbox tid:9261a9e164413d3485872719d1ac31ef - Received request for a package status: GetPackageStatusRequest(sandbox,d58cf9939847921b2aab78eaa7b427dc4c649d25e6bee3c749ace4c3f52f5c97), packageId -> 'd58cf9939847921b2aab78eaa7b427dc4c649d25e6bee3c749ace4c3f52f5c97'.
2026-02-18 13:19:15,629 [canton-env-ec-77] INFO  c.d.c.p.a.s.ApiPackageService:participant=sandbox tid:42fc156b5e1a4c4dd949a95b6b4d3666 - Received request for a package status: GetPackageStatusRequest(sandbox,3f4deaf145a15cdcfa762c058005e2edb9baa75bb7f95a4f8f6f937378e86415), packageId -> '3f4deaf145a15cdcfa762c058005e2edb9baa75bb7f95a4f8f6f937378e86415'.
2026-02-18 13:19:15,629 [canton-env-ec-78] INFO  c.d.c.p.a.s.ApiPackageService:participant=sandbox tid:7c5834f2f5bb864cee491eddd279d63e - Received request for a package status: GetPackageStatusRequest(sandbox,7748754b5e4d9392d6b485367e7b4d5e1b0142ff4d4ce3327911166633c5da04), packageId -> '7748754b5e4d9392d6b485367e7b4d5e1b0142ff4d4ce3327911166633c5da04'.
2026-02-18 13:19:15,629 [canton-env-ec-83] INFO  c.d.c.p.a.s.ApiPackageService:participant=sandbox tid:5c5e597c6cccf9523bceefd9ef964fb5 - Received request for a package status: GetPackageStatusRequest(sandbox,65921e553a353588e950cbc87e98a127730e63295f7ad8d3adae952ef0133b3e), packageId -> '65921e553a353588e950cbc87e98a127730e63295f7ad8d3adae952ef0133b3e'.
2026-02-18 13:19:15,629 [canton-env-ec-33] INFO  c.d.c.p.a.s.ApiPackageService:participant=sandbox tid:a05b7c2db0a83b4ad1e94ae502ef4b94 - Received request for a package status: GetPackageStatusRequest(sandbox,c1f1f00558799eec139fb4f4c76f95fb52fa1837a5dd29600baa1c8ed1bdccfd), packageId -> 'c1f1f00558799eec139fb4f4c76f95fb52fa1837a5dd29600baa1c8ed1bdccfd'.
2026-02-18 13:19:15,629 [canton-env-ec-80] INFO  c.d.c.p.a.s.ApiPackageService:participant=sandbox tid:ff7b909be95603038266000fbfb15839 - Received request for a package status: GetPackageStatusRequest(sandbox,6851f194e144b693e63e9034b956c76cef6b5088dd8c66a657ab652a204dba2b), packageId -> '6851f194e144b693e63e9034b956c76cef6b5088dd8c66a657ab652a204dba2b'.
2026-02-18 13:19:15,630 [canton-env-ec-26] INFO  c.d.c.p.a.s.ApiPackageService:participant=sandbox tid:36ec69e624fc948ba54eac1621d84fab - Received request for a package status: GetPackageStatusRequest(sandbox,8a7806365bbd98d88b4c13832ebfa305f6abaeaf32cfa2b7dd25c4fa489b79fb), packageId -> '8a7806365bbd98d88b4c13832ebfa305f6abaeaf32cfa2b7dd25c4fa489b79fb'.
2026-02-18 13:19:15,630 [canton-env-ec-82] INFO  c.d.c.p.a.s.ApiPackageService:participant=sandbox tid:44440137dd80a0290bacb9d7d399a006 - Received request for a package status: GetPackageStatusRequest(sandbox,518032f41fd0175461b35ae0c9691e08b4aea55e62915f8360af2cc7a1f2ba6c), packageId -> '518032f41fd0175461b35ae0c9691e08b4aea55e62915f8360af2cc7a1f2ba6c'.
2026-02-18 13:19:15,630 [canton-env-ec-27] INFO  c.d.c.p.a.s.ApiPackageService:participant=sandbox tid:edc410e5a86384a8aef4f46b5861fc0c - Received request for a package status: GetPackageStatusRequest(sandbox,99a2705ed38c1c26cbb8fe7acf36bbf626668e167a33335de932599219e0a235), packageId -> '99a2705ed38c1c26cbb8fe7acf36bbf626668e167a33335de932599219e0a235'.
2026-02-18 13:19:15,628 [canton-env-ec-73] INFO  c.d.c.p.a.s.ApiPackageService:participant=sandbox tid:0830f8090045e9a65b2bab44c2bce9c8 - Received request for a package status: GetPackageStatusRequest(sandbox,82fa64bf7428c614565513731b36464c411b8f252b6f2188aeaca9236f013c84), packageId -> '82fa64bf7428c614565513731b36464c411b8f252b6f2188aeaca9236f013c84'.
2026-02-18 13:19:15,628 [canton-env-ec-75] INFO  c.d.c.p.a.s.ApiPackageService:participant=sandbox tid:d2ee550c46a3ccf73aa47fdb870eb798 - Received request for a package status: GetPackageStatusRequest(sandbox,f20de1e4e37b92280264c08bf15eca0be0bc5babd7a7b5e574997f154c00cb78), packageId -> 'f20de1e4e37b92280264c08bf15eca0be0bc5babd7a7b5e574997f154c00cb78'.
2026-02-18 13:19:15,628 [canton-env-ec-72] INFO  c.d.c.p.a.s.ApiPackageService:participant=sandbox tid:59adba787e217fbf0caa99833c3deeb6 - Received request for a package status: GetPackageStatusRequest(sandbox,86828b9843465f419db1ef8a8ee741d1eef645df02375ebf509cdc8c3ddd16cb), packageId -> '86828b9843465f419db1ef8a8ee741d1eef645df02375ebf509cdc8c3ddd16cb'.
2026-02-18 13:19:15,628 [canton-env-ec-79] INFO  c.d.c.p.a.s.ApiPackageService:participant=sandbox tid:855f3d66f4576c2bf7f129b8a68ef64e - Received request for a package status: GetPackageStatusRequest(sandbox,e4cc67c3264eba4a19c080cac5ab32d87551578e0f5f58b6a9460f91c7abc254), packageId -> 'e4cc67c3264eba4a19c080cac5ab32d87551578e0f5f58b6a9460f91c7abc254'.
2026-02-18 13:19:15,628 [canton-env-ec-29] INFO  c.d.c.p.a.s.ApiPackageService:participant=sandbox tid:d783a07210fbe9914b52a7124f778e5e - Received request for a package status: GetPackageStatusRequest(sandbox,d704ffbe610258c670d226b969e861dfcaf2f51bf0d205ef6ff6362af45985a1), packageId -> 'd704ffbe610258c670d226b969e861dfcaf2f51bf0d205ef6ff6362af45985a1'.
2026-02-18 13:19:15,628 [canton-env-ec-20] INFO  c.d.c.p.a.s.ApiPackageService:participant=sandbox tid:c0706124fdf756af7c1c48c4b0bf8628 - Received request for a package status: GetPackageStatusRequest(sandbox,733e38d36a2759688a4b2c4cec69d48e7b55ecc8dedc8067b815926c917a182a), packageId -> '733e38d36a2759688a4b2c4cec69d48e7b55ecc8dedc8067b815926c917a182a'.
2026-02-18 13:19:15,628 [canton-env-ec-28] INFO  c.d.c.p.a.s.ApiPackageService:participant=sandbox tid:528d66bba28abc717f60d6d63de58ec1 - Received request for a package status: GetPackageStatusRequest(sandbox,cc348d369011362a5190fe96dd1f0dfbc697fdfd10e382b9e9666f0da05961b7), packageId -> 'cc348d369011362a5190fe96dd1f0dfbc697fdfd10e382b9e9666f0da05961b7'.
2026-02-18 13:19:15,628 [canton-env-ec-30] INFO  c.d.c.p.a.s.ApiPackageService:participant=sandbox tid:8d3158bd80adcb4b9ad0fddbc4f37b69 - Received request for a package status: GetPackageStatusRequest(sandbox,5921708ce82f4255deb1b26d2c05358b548720938a5a325718dc69f381ba47ff), packageId -> '5921708ce82f4255deb1b26d2c05358b548720938a5a325718dc69f381ba47ff'.
2026-02-18 13:19:15,631 [canton-env-ec-89] INFO  c.d.c.p.a.s.ApiPackageService:participant=sandbox tid:52bc99477d8a13d71396c32ebf58cfcf - Received request for a package status: GetPackageStatusRequest(sandbox,10e0333b52bba1ff147fc408a6b7d68465b157635ee230493bd6029b750dcb05), packageId -> '10e0333b52bba1ff147fc408a6b7d68465b157635ee230493bd6029b750dcb05'.
2026-02-18 13:19:15,631 [canton-env-ec-92] INFO  c.d.c.p.a.s.ApiPackageService:participant=sandbox tid:bfe564683e42876d005f0fe8f8e5b59c - Received request for a package status: GetPackageStatusRequest(sandbox,e491352788e56ca4603acc411ffe1a49fefd76ed8b163af86cf5ee5f4c38645b), packageId -> 'e491352788e56ca4603acc411ffe1a49fefd76ed8b163af86cf5ee5f4c38645b'.
2026-02-18 13:19:15,634 [canton-env-ec-82] INFO  c.d.c.p.a.s.ApiPackageService:participant=sandbox tid:8e5ae62905347cf16f8f8ec503f001c5 - Received request for a package status: GetPackageStatusRequest(sandbox,40f452260bef3f29dede136108fc08a88d5a5250310281067087da6f0baddff7), packageId -> '40f452260bef3f29dede136108fc08a88d5a5250310281067087da6f0baddff7'.
2026-02-18 13:19:15,630 [canton-env-ec-76] INFO  c.d.c.p.a.s.ApiPackageService:participant=sandbox tid:db0bd00e082d118ad42e027b03f9c015 - Received request for a package status: GetPackageStatusRequest(sandbox,6c2c0667393c5f92f1885163068cd31800d2264eb088eb6fc740e11241b2bf06), packageId -> '6c2c0667393c5f92f1885163068cd31800d2264eb088eb6fc740e11241b2bf06'.
2026-02-18 13:19:15,636 [canton-env-ec-84] INFO  c.d.c.p.a.s.ApiPackageService:participant=sandbox tid:7ebd0c99efce63ff417b5adbe910be71 - Received request for a package status: GetPackageStatusRequest(sandbox,057eed1fd48c238491b8ea06b9b5bf85a5d4c9275dd3f6183e0e6b01730cc2ba), packageId -> '057eed1fd48c238491b8ea06b9b5bf85a5d4c9275dd3f6183e0e6b01730cc2ba'.
2026-02-18 13:19:15,636 [canton-env-ec-87] INFO  c.d.c.p.a.s.ApiPackageService:participant=sandbox tid:1374fc4aee1e7732bf8727c2a781bce0 - Received request for a package status: GetPackageStatusRequest(sandbox,d14e08374fc7197d6a0de468c968ae8ba3aadbf9315476fd39071831f5923662), packageId -> 'd14e08374fc7197d6a0de468c968ae8ba3aadbf9315476fd39071831f5923662'.
2026-02-18 13:19:15,630 [canton-env-ec-71] INFO  c.d.c.p.a.s.ApiPackageService:participant=sandbox tid:a8c214303d93f47673a8489171f0f6b8 - Received request for a package status: GetPackageStatusRequest(sandbox,bfcd37bd6b84768e86e432f5f6c33e25d9e7724a9d42e33875ff74f6348e733f), packageId -> 'bfcd37bd6b84768e86e432f5f6c33e25d9e7724a9d42e33875ff74f6348e733f'.
2026-02-18 13:19:15,630 [canton-env-ec-88] INFO  c.d.c.p.a.s.ApiPackageService:participant=sandbox tid:eaf5006a7c2711a0e88b3ca9aa201e88 - Received request for a package status: GetPackageStatusRequest(sandbox,cb0552debf219cc909f51cbb5c3b41e9981d39f8f645b1f35e2ef5be2e0b858a), packageId -> 'cb0552debf219cc909f51cbb5c3b41e9981d39f8f645b1f35e2ef5be2e0b858a'.
2026-02-18 13:19:15,629 [canton-env-ec-21] INFO  c.d.c.p.a.s.ApiPackageService:participant=sandbox tid:751c45560fa56224922dca4fcdc0546b - Received request for a package status: GetPackageStatusRequest(sandbox,e22bce619ae24ca3b8e6519281cb5a33b64b3190cc763248b4c3f9ad5087a92c), packageId -> 'e22bce619ae24ca3b8e6519281cb5a33b64b3190cc763248b4c3f9ad5087a92c'.
2026-02-18 13:19:15,636 [canton-env-ec-85] INFO  c.d.c.p.a.s.ApiPackageService:participant=sandbox tid:7325e5605bf6962c9ed2a91d69bdfac7 - Received request for a package status: GetPackageStatusRequest(sandbox,6839a6d3d430c569b2425e9391717b44ca324b88ba621d597778811b2d05031d), packageId -> '6839a6d3d430c569b2425e9391717b44ca324b88ba621d597778811b2d05031d'.
2026-02-18 13:19:15,636 [canton-env-ec-90] INFO  c.d.c.p.a.s.ApiPackageService:participant=sandbox tid:aa10bb0dc6c542b055e54632281f6c1c - Received request for a package status: GetPackageStatusRequest(sandbox,76bf0fd12bd945762a01f8fc5bbcdfa4d0ff20f8762af490f8f41d6237c6524f), packageId -> '76bf0fd12bd945762a01f8fc5bbcdfa4d0ff20f8762af490f8f41d6237c6524f'.
2026-02-18 13:19:15,636 [canton-env-ec-91] INFO  c.d.c.p.a.s.ApiPackageService:participant=sandbox tid:e52541023ded375eb63ada35d801859e - Received request for a package status: GetPackageStatusRequest(sandbox,38e6274601b21d7202bb995bc5ec147decda5a01b68d57dda422425038772af7), packageId -> '38e6274601b21d7202bb995bc5ec147decda5a01b68d57dda422425038772af7'.
2026-02-18 13:19:15,634 [canton-env-ec-26] INFO  c.d.c.p.a.s.ApiPackageService:participant=sandbox tid:614c7a5989134c04dedd6e3d4139123a - Received request for a package status: GetPackageStatusRequest(sandbox,97b883cd8a2b7f49f90d5d39c981cf6e110cf1f1c64427a28a6d58ec88c43657), packageId -> '97b883cd8a2b7f49f90d5d39c981cf6e110cf1f1c64427a28a6d58ec88c43657'.
2026-02-18 13:19:15,633 [canton-env-ec-74] INFO  c.d.c.p.a.s.ApiPackageService:participant=sandbox tid:dffb6f27055e50d098667fbb00ebde1a - Received request for a package status: GetPackageStatusRequest(sandbox,57b5c520512c24035057aa4c783cb7ac7f3f49db29806280962e188be7aadb66), packageId -> '57b5c520512c24035057aa4c783cb7ac7f3f49db29806280962e188be7aadb66'.
2026-02-18 13:19:15,637 [canton-env-ec-86] INFO  c.d.c.p.a.s.ApiPackageService:participant=sandbox tid:de5b4e2da4c1a157d1ce51cedff61c59 - Received request for a package status: GetPackageStatusRequest(sandbox,852d8e3a8ccf952acc73e17522846bc1eb41498e840d637e519ddcca7dbc7671), packageId -> '852d8e3a8ccf952acc73e17522846bc1eb41498e840d637e519ddcca7dbc7671'.
2026-02-18 13:19:16,529 [input-mapping-pool-1] INFO  c.d.c.p.i.p.ParallelIndexerSubscription:participant=sandbox tid:c2ee350a59a9c7126192badaaf7df784 - Storing at offset=000000000000000002 PublicPackageUpload(
  recordTime = 2026-02-18T18:19:16.525372Z,
  archives = Seq(
    7748754b5e4d...,
    65921e553a35...,
    6851f194e144...,
    57b5c520512c...,
    cb0552debf21...,
    3f4deaf145a1...,
    86828b984346...,
    f20de1e4e37b...,
    76bf0fd12bd9...,
    38e6274601b2...,
    d58cf9939847...,
    40f452260bef...,
    e491352788e5...,
    6839a6d3d430...,
    518032f41fd0...,
    d704ffbe6102...,
    82fa64bf7428...,
    852d8e3a8ccf...,
    10e0333b52bb...,
    bfcd37bd6b84...,
    cc348d369011...,
    057eed1fd48c...,
    d14e08374fc7...,
    c1f1f0055879...,
    6c2c0667393c...,
    e22bce619ae2...,
    e4cc67c3264e...,
    8a7806365bbd...,
    97b883cd8a2b...,
    5921708ce82f...,
    733e38d36a27...,
    99a2705ed38c...
  ),
  sourceDescription = 'AdminWorkflowsWithVacuuming'
)
2026-02-18 13:19:16,784 [canton-env-ec-33] INFO  c.d.c.p.t.ParticipantTopologyManager:participant=sandbox tid:c2ee350a59a9c7126192badaaf7df784 - Applied topology transaction Add VettedPackages(
  participant = sandbox::12209b97fc5e...,
  packages = Seq(
    7748754b5e4d...,
    65921e553a35...,
    6851f194e144...,
    57b5c520512c...,
    cb0552debf21...,
    3f4deaf145a1...,
    86828b984346...,
    f20de1e4e37b...,
    76bf0fd12bd9...,
    38e6274601b2...,
    d58cf9939847...,
    40f452260bef...,
    e491352788e5...,
    6839a6d3d430...,
    518032f41fd0...,
    d704ffbe6102...,
    82fa64bf7428...,
    852d8e3a8ccf...,
    10e0333b52bb...,
    bfcd37bd6b84...,
    cc348d369011...,
    057eed1fd48c...,
    d14e08374fc7...,
    c1f1f0055879...,
    6c2c0667393c...,
    e22bce619ae2...,
    e4cc67c3264e...,
    8a7806365bbd...,
    97b883cd8a2b...,
    5921708ce82f...,
    733e38d36a27...,
    99a2705ed38c...
  )
) at 2026-02-18T18:19:16.784487Z
2026-02-18 13:19:16,798 [canton-env-ec-30] INFO  c.d.c.p.a.s.ApiLedgerIdentityService:participant=sandbox tid:f8b70aca6b7adfc688b80ddf022cc37d - Received request for ledger identity: GetLedgerIdentityRequest().
2026-02-18 13:19:16,806 [canton-env-ec-88] INFO  c.d.c.p.a.s.ApiPackageService:participant=sandbox tid:b96130ca8d72a73c6e19b8a2f4d3a41f - Received request for a package status: GetPackageStatusRequest(sandbox,65921e553a353588e950cbc87e98a127730e63295f7ad8d3adae952ef0133b3e), packageId -> '65921e553a353588e950cbc87e98a127730e63295f7ad8d3adae952ef0133b3e'.
2026-02-18 13:19:16,844 [canton-env-ec-30] INFO  c.d.c.p.a.s.t.TransactionServiceImpl:participant=sandbox tid:89b68fa19f5af686143b872d8e5701c2 - Received request for transactions, startExclusive -> '000000000000000002', endInclusive -> , filters -> {sandbox::12209b97fc5eef63d7f6699711ac106823a41480611fdfa28cfb144cfe52057df749: 'all-templates'}, verbose -> false, ledgerId -> 'sandbox'.
2026-02-18 13:19:16,896 [canton-env-ec-21] INFO  c.d.c.p.t.ParticipantTopologyManager:participant=sandbox tid:3980cec20e3c7006a8a1c538900d0548 - Applied topology transaction Add OwnerToKeyMapping(PAR::sandbox::12209b97fc5e..., SigningPublicKey(id = 122023bd7f9b..., format = Tink, scheme = Ed25519)) at 2026-02-18T18:19:16.896075Z
2026-02-18 13:19:16,899 [canton-env-ec-71] INFO  c.d.c.p.t.ParticipantTopologyManager:participant=sandbox tid:3980cec20e3c7006a8a1c538900d0548 - Applied topology transaction Add OwnerToKeyMapping(PAR::sandbox::12209b97fc5e..., EncryptionPublicKey(id = 1220ab0e8329..., format = Tink, scheme = ECIES-P256_HMAC256_AES128-GCM)) at 2026-02-18T18:19:16.899138Z
2026-02-18 13:19:16,899 [canton-env-ec-21] INFO  c.d.c.p.ParticipantNodeBootstrap:participant=sandbox - Initializing node with id NodeId(sandbox::12209b97fc5e...)
2026-02-18 13:19:16,901 [canton-env-ec-21] INFO  c.d.c.p.s.CantonSyncService:participant=sandbox tid:3caa7f32656554aa09ab273630d35515 - Reconnecting to domains List(). Already connected: Set()
2026-02-18 13:19:16,902 [canton-env-ec-21] INFO  c.d.c.p.s.CantonSyncService:participant=sandbox tid:3caa7f32656554aa09ab273630d35515 - Successfully re-connected to domains List()
2026-02-18 13:19:16,903 [main] INFO  c.d.c.e.CommunityEnvironment - Auto-connecting local participants List(sandbox) to local domains List(local)
2026-02-18 13:19:16,929 [canton-env-ec-21] INFO  c.d.c.c.d.g.SequencerInfoLoader:participant=sandbox - Version handshake with sequencer Sequencer 'DefaultSequencer' and domain using protocol version 7 succeeded.
2026-02-18 13:19:16,972 [canton-env-ec-31] INFO  c.d.c.p.t.ParticipantTopologyManager:participant=sandbox - Applied topology transaction Add ParticipantState(To, local::12200c10cccc..., PAR::sandbox::12209b97fc5e..., Submission, Ordinary) at 2026-02-18T18:19:16.972752Z
2026-02-18 13:19:16,994 [canton-env-ec-33] INFO  c.d.c.s.c.SequencerClientImpl:participant=sandbox/domainId=local::12200c10cccc - No event found up to 0001-01-01T00:00:00Z. Resubscribing from the beginning.
2026-02-18 13:19:16,994 [canton-env-ec-33] INFO  c.d.c.s.c.SequencerClientImpl:participant=sandbox/domainId=local::12200c10cccc - Processing events from the SequencedEventStore from 0001-01-01T00:00:00.000001Z on
2026-02-18 13:19:16,994 [canton-env-ec-33] INFO  c.d.c.s.c.SequencerClientImpl:participant=sandbox/domainId=local::12200c10cccc - Starting subscription for alias=SEQ::local::12200c10cccc... at timestamp None; next counter 0
2026-02-18 13:19:16,995 [canton-env-ec-33] INFO  c.d.c.h.DelegatingMutableHealthComponent:participant=sandbox/domainId=local::12200c10cccc - 'sequencer-client' is now in state Ok(). Previous state was Not Initialized.
2026-02-18 13:19:16,997 [canton-env-ec-90] INFO  c.d.c.d.s.s.GrpcSequencerService:domain=local - UNM::08c5a056180b63dbb6c8620c804c83e000cc82c8::12209b97fc5e... subscribes from counter=0
2026-02-18 13:19:17,012 [canton-env-ec-30] INFO  c.d.c.d.s.s.GrpcSequencerService:domain=local tid:db5916d2cbbdabdc5b36cc163ab4adbd - 'UNM::08c5a056180b63dbb6c8620c804c83e000cc82c8::12209b97fc5e...' sends request with id '9c6369cf-e232-4cca-8ba9-6c0aa9a95fd5' of size 1423 bytes with 1 envelopes.
2026-02-18 13:19:17,015 [canton-env-ec-33] INFO  c.d.c.d.s.s.SequencerReader$EventsReader:domain=local/subscriber=UNM::08c5a056180b63dbb6c8620c804c83e000cc82c8::12209b97fc5e tid:db5916d2cbbdabdc5b36cc163ab4adbd - Using approximate topology snapshot at 2026-02-18T18:19:14.830375Z for desired timestamp 2026-02-18T18:19:17.014170Z
2026-02-18 13:19:17,041 [canton-env-ec-90] INFO  c.d.c.d.t.DomainTopologyManager:domain=local tid:db5916d2cbbdabdc5b36cc163ab4adbd - Applied topology transaction Add NamespaceDelegation(12209b97fc5e..., SigningPublicKey(id = 12209b97fc5e..., format = Tink, scheme = Ed25519), true) at 2026-02-18T18:19:17.041440Z
2026-02-18 13:19:17,044 [canton-env-ec-33] INFO  c.d.c.d.t.DomainTopologyManager:domain=local tid:db5916d2cbbdabdc5b36cc163ab4adbd - Applied topology transaction Add OwnerToKeyMapping(PAR::sandbox::12209b97fc5e..., SigningPublicKey(id = 122023bd7f9b..., format = Tink, scheme = Ed25519)) at 2026-02-18T18:19:17.043916Z
2026-02-18 13:19:17,045 [canton-env-ec-71] INFO  c.d.c.d.t.DomainTopologyManager:domain=local tid:db5916d2cbbdabdc5b36cc163ab4adbd - Applied topology transaction Add OwnerToKeyMapping(PAR::sandbox::12209b97fc5e..., EncryptionPublicKey(id = 1220ab0e8329..., format = Tink, scheme = ECIES-P256_HMAC256_AES128-GCM)) at 2026-02-18T18:19:17.045440Z
2026-02-18 13:19:17,049 [canton-env-ec-26] INFO  c.d.c.d.t.DomainTopologyManager:domain=local tid:db5916d2cbbdabdc5b36cc163ab4adbd - Setting participant PAR::sandbox::12209b97fc5e... state to ParticipantAttributes(Submission,Ordinary)
2026-02-18 13:19:17,049 [canton-env-ec-26] INFO  c.d.c.d.t.DomainTopologyManager:domain=local tid:db5916d2cbbdabdc5b36cc163ab4adbd - Applied topology transaction Add ParticipantState(From, local::12200c10cccc..., PAR::sandbox::12209b97fc5e..., Submission, Ordinary) at 2026-02-18T18:19:17.049170Z
2026-02-18 13:19:17,050 [canton-env-ec-90] INFO  c.d.c.d.t.DomainTopologyManager:domain=local tid:db5916d2cbbdabdc5b36cc163ab4adbd - Applied topology transaction Add ParticipantState(To, local::12200c10cccc..., PAR::sandbox::12209b97fc5e..., Submission, Ordinary) at 2026-02-18T18:19:17.050836Z
2026-02-18 13:19:17,051 [canton-env-ec-90] INFO  c.d.c.d.t.RequestProcessingStrategy$Impl:domain=local tid:db5916d2cbbdabdc5b36cc163ab4adbd - Successfully onboarded PAR::sandbox::12209b97fc5e...
2026-02-18 13:19:17,052 [canton-env-ec-93] INFO  c.d.c.d.s.s.GrpcSequencerService:domain=local tid:db5916d2cbbdabdc5b36cc163ab4adbd - 'DOM::local::12200c10cccc...' sends request with id '723a1ab4-ec8a-443f-bd1e-e1d863348c39' of size 913 bytes with 1 envelopes.
2026-02-18 13:19:17,054 [canton-env-ec-26] INFO  c.d.c.d.t.DomainTopologyManagerRequestService:domain=local tid:db5916d2cbbdabdc5b36cc163ab4adbd - Register topology request by UNM::08c5a056180b63dbb6c8620c804c83e000cc82c8::12209b97fc5e... for PAR::sandbox::12209b97fc5e... yielded
  Accepted -> Add NamespaceDelegation(12209b97fc5e..., SigningPublicKey(id = 12209b97fc5e..., format = Tink, scheme = Ed25519), true)
  Accepted -> Add OwnerToKeyMapping(PAR::sandbox::12209b97fc5e..., SigningPublicKey(id = 122023bd7f9b..., format = Tink, scheme = Ed25519))
  Accepted -> Add OwnerToKeyMapping(PAR::sandbox::12209b97fc5e..., EncryptionPublicKey(id = 1220ab0e8329..., format = Tink, scheme = ECIES-P256_HMAC256_AES128-GCM))
  Accepted -> Add ParticipantState(To, local::12200c10cccc..., PAR::sandbox::12209b97fc5e..., Submission, Ordinary)
2026-02-18 13:19:17,063 [canton-env-ec-30] INFO  c.d.c.t.p.TopologyTransactionProcessor:domain=local/client=topology-manager tid:db5916d2cbbdabdc5b36cc163ab4adbd - Storing topology transaction 1/1 Add NamespaceDelegation(12209b97fc5e..., SigningPublicKey(id = 12209b97fc5e..., format = Tink, scheme = Ed25519), true) with ts=EffectiveTime(2026-02-18T18:19:17.304233Z) (epsilon=250 ms)
2026-02-18 13:19:17,065 [canton-env-ec-30] INFO  c.d.c.t.p.TopologyTransactionProcessor:domain=local/node=mediator/client=mediator tid:db5916d2cbbdabdc5b36cc163ab4adbd - Storing topology transaction 1/1 Add NamespaceDelegation(12209b97fc5e..., SigningPublicKey(id = 12209b97fc5e..., format = Tink, scheme = Ed25519), true) with ts=EffectiveTime(2026-02-18T18:19:17.304233Z) (epsilon=250 ms)
2026-02-18 13:19:17,066 [canton-env-ec-21] INFO  c.d.c.d.s.s.GrpcSequencerService:domain=local tid:db5916d2cbbdabdc5b36cc163ab4adbd - 'DOM::local::12200c10cccc...' sends request with id 'd7e121a1-3321-40eb-845d-5a17834f9656' of size 545 bytes with 1 envelopes.
2026-02-18 13:19:17,069 [canton-env-ec-21] INFO  c.d.c.d.s.s.GrpcSequencerService:domain=local tid:db5916d2cbbdabdc5b36cc163ab4adbd - 'DOM::local::12200c10cccc...' sends request with id 'b4a0e801-8630-4e4a-a84d-638c32b5b4fa' of size 1544 bytes with 1 envelopes.
2026-02-18 13:19:17,080 [canton-env-ec-26] INFO  c.d.c.t.p.TopologyTransactionProcessor:domain=local/client=topology-manager tid:db5916d2cbbdabdc5b36cc163ab4adbd - Storing topology transaction 1/3 Add OwnerToKeyMapping(PAR::sandbox::12209b97fc5e..., SigningPublicKey(id = 122023bd7f9b..., format = Tink, scheme = Ed25519)) with ts=EffectiveTime(2026-02-18T18:19:17.321004Z) (epsilon=250 ms)
2026-02-18 13:19:17,080 [canton-env-ec-26] INFO  c.d.c.t.p.TopologyTransactionProcessor:domain=local/client=topology-manager tid:db5916d2cbbdabdc5b36cc163ab4adbd - Storing topology transaction 2/3 Add OwnerToKeyMapping(PAR::sandbox::12209b97fc5e..., EncryptionPublicKey(id = 1220ab0e8329..., format = Tink, scheme = ECIES-P256_HMAC256_AES128-GCM)) with ts=EffectiveTime(2026-02-18T18:19:17.321004Z) (epsilon=250 ms)
2026-02-18 13:19:17,080 [canton-env-ec-26] INFO  c.d.c.t.p.TopologyTransactionProcessor:domain=local/client=topology-manager tid:db5916d2cbbdabdc5b36cc163ab4adbd - Storing topology transaction 3/3 Add ParticipantState(From, local::12200c10cccc..., PAR::sandbox::12209b97fc5e..., Submission, Ordinary) with ts=EffectiveTime(2026-02-18T18:19:17.321004Z) (epsilon=250 ms)
2026-02-18 13:19:17,081 [canton-env-ec-71] INFO  c.d.c.t.p.TopologyTransactionProcessor:domain=local/node=mediator/client=mediator tid:db5916d2cbbdabdc5b36cc163ab4adbd - Storing topology transaction 1/3 Add OwnerToKeyMapping(PAR::sandbox::12209b97fc5e..., SigningPublicKey(id = 122023bd7f9b..., format = Tink, scheme = Ed25519)) with ts=EffectiveTime(2026-02-18T18:19:17.321004Z) (epsilon=250 ms)
2026-02-18 13:19:17,081 [canton-env-ec-71] INFO  c.d.c.t.p.TopologyTransactionProcessor:domain=local/node=mediator/client=mediator tid:db5916d2cbbdabdc5b36cc163ab4adbd - Storing topology transaction 2/3 Add OwnerToKeyMapping(PAR::sandbox::12209b97fc5e..., EncryptionPublicKey(id = 1220ab0e8329..., format = Tink, scheme = ECIES-P256_HMAC256_AES128-GCM)) with ts=EffectiveTime(2026-02-18T18:19:17.321004Z) (epsilon=250 ms)
2026-02-18 13:19:17,081 [canton-env-ec-71] INFO  c.d.c.t.p.TopologyTransactionProcessor:domain=local/node=mediator/client=mediator tid:db5916d2cbbdabdc5b36cc163ab4adbd - Storing topology transaction 3/3 Add ParticipantState(From, local::12200c10cccc..., PAR::sandbox::12209b97fc5e..., Submission, Ordinary) with ts=EffectiveTime(2026-02-18T18:19:17.321004Z) (epsilon=250 ms)
2026-02-18 13:19:17,083 [canton-env-ec-90] INFO  c.d.c.d.t.MemberTopologyCatchup:domain=local/identity tid:db5916d2cbbdabdc5b36cc163ab4adbd - Participant PAR::sandbox::12209b97fc5e... is changing from None to Some(Submission), requires to catch up 10
2026-02-18 13:19:17,084 [canton-env-ec-33] INFO  c.d.c.s.c.ResilientSequencerSubscription:participant=sandbox/domainId=local::12200c10cccc - 'sequencer-client' is now in state Failed(Disconnected from domain). Previous state was Ok().
2026-02-18 13:19:17,084 [canton-env-ec-33] INFO  c.d.c.h.DelegatingMutableHealthComponent:participant=sandbox/domainId=local::12200c10cccc - 'sequencer-client' is now in state Failed(Disconnected from domain). Previous state was Ok().
2026-02-18 13:19:17,085 [canton-env-ec-29] INFO  c.d.c.s.c.t.GrpcSequencerSubscription:participant=sandbox/domainId=local::12200c10cccc - GRPC subscription successfully closed due to client shutdown.
2026-02-18 13:19:17,086 [canton-env-ec-93] INFO  c.d.c.n.g.ApiRequestLogger:domain=local tid:8b7d7f6015b95b154f36f1b82393526b - Request c.d.c.d.a.v.SequencerService/SubscribeUnauthenticatedVersioned by /127.0.0.1:55163: cancelled. Cancellations can be caused by timeouts, explicit cancellation by the client, network errors, etc.
2026-02-18 13:19:17,087 [canton-env-ec-93] INFO  c.d.c.d.s.s.GrpcManagedSubscription:domain=local/member=UNM::08c5a056180b63dbb6c8620c804c83e000cc82c8::12209b97fc5e - Subscription cancelled by client UNM::08c5a056180b63dbb6c8620c804c83e000cc82c8::12209b97fc5e....
2026-02-18 13:19:17,090 [canton-env-ec-27] INFO  c.d.c.d.s.s.GrpcSequencerService:domain=local tid:db5916d2cbbdabdc5b36cc163ab4adbd - 'DOM::local::12200c10cccc...' sends request with id '68c8cf3d-11d4-46bb-9931-92640da3eff8' of size 2645 bytes with 1 envelopes.
2026-02-18 13:19:17,094 [canton-env-ec-74] INFO  c.d.c.c.d.g.GrpcSequencerConnectClient:participant=sandbox - The operation 'verify active' was not successful. New kind of error: no success error (request infinite retries). Retrying after 0.5s. Result: Right(false). 
2026-02-18 13:19:17,102 [canton-env-ec-74] INFO  c.d.c.d.s.s.GrpcSequencerService:domain=local tid:db5916d2cbbdabdc5b36cc163ab4adbd - 'DOM::local::12200c10cccc...' sends request with id '8ed7f443-00f3-4493-a367-9973ce32e350' of size 934 bytes with 1 envelopes.
2026-02-18 13:19:17,111 [canton-env-ec-74] INFO  c.d.c.t.p.TopologyTransactionProcessor:domain=local/node=mediator/client=mediator tid:db5916d2cbbdabdc5b36cc163ab4adbd - Storing topology transaction 1/1 Add ParticipantState(To, local::12200c10cccc..., PAR::sandbox::12209b97fc5e..., Submission, Ordinary) with ts=EffectiveTime(2026-02-18T18:19:17.354349Z) (epsilon=250 ms)
2026-02-18 13:19:17,111 [canton-env-ec-31] INFO  c.d.c.t.p.TopologyTransactionProcessor:domain=local/client=topology-manager tid:db5916d2cbbdabdc5b36cc163ab4adbd - Storing topology transaction 1/1 Add ParticipantState(To, local::12200c10cccc..., PAR::sandbox::12209b97fc5e..., Submission, Ordinary) with ts=EffectiveTime(2026-02-18T18:19:17.354349Z) (epsilon=250 ms)
2026-02-18 13:19:17,604 [canton-env-ec-28] INFO  c.d.c.c.d.g.GrpcSequencerConnectClient:participant=sandbox - Now retrying operation 'verify active'. 
2026-02-18 13:19:17,629 [canton-env-ec-27] INFO  c.d.c.p.s.SyncDomainEphemeralStateFactoryImpl:participant=sandbox - Computed starting points: ProcessingStartingPoints(
  clean replay = MessageCleanReplayStartingPoint(next request counter = 0, next sequencer counter = 0, prenext timestamp = 0001-01-01T00:00:00Z),
  processing = MessageProcessingStartingPoint(next request counter = 0, next sequencer counter = 0, prenext timestamp = 0001-01-01T00:00:00Z),
  rewound sequencer counter prehead = None()
)
2026-02-18 13:19:17,629 [canton-env-ec-27] INFO  c.d.c.s.m.InMemoryCursorPreheadStore:participant=sandbox/domain-alias=local - Rewinding prehead to None
2026-02-18 13:19:17,733 [canton-env-ec-27] INFO  c.d.c.p.p.AcsCommitmentProcessor:participant=sandbox/domainId=local::12200c10cccc - Will use parallelism 10 when computing ACS commitments
2026-02-18 13:19:17,734 [canton-env-ec-91] INFO  c.d.c.p.p.AcsCommitmentProcessor:participant=sandbox/domainId=local::12200c10cccc - Initialized from stored snapshot at RecordTime(timestamp = 0001-01-01T00:00:00Z, tieBreaker = -9223372036854775808) (might be incomplete)
2026-02-18 13:19:17,735 [canton-env-ec-93] INFO  c.d.c.p.p.AcsCommitmentProcessor:participant=sandbox/domainId=local::12200c10cccc - Initialized the ACS commitment processor queue
2026-02-18 13:19:17,738 [canton-env-ec-27] INFO  c.d.c.h.MutableHealthComponent:participant=sandbox - 'acs-commitment-processor' is now in state Ok(). Previous state was Not Initialized.
2026-02-18 13:19:17,738 [canton-env-ec-27] INFO  c.d.c.h.MutableHealthComponent:participant=sandbox - 'acs-commitment-processor' is now in state Ok(). Previous state was Not Initialized.
2026-02-18 13:19:17,739 [canton-env-ec-27] INFO  c.d.c.p.s.SyncDomain:participant=sandbox/domainId=local::12200c10cccc - 'sync-domain' is now in state Ok(). Previous state was Not Initialized.
2026-02-18 13:19:17,739 [canton-env-ec-27] INFO  c.d.c.h.MutableHealthComponent:participant=sandbox - 'sync-domain' is now in state Ok(). Previous state was Not Initialized.
2026-02-18 13:19:17,739 [canton-env-ec-27] INFO  c.d.c.h.MutableHealthComponent:participant=sandbox - 'sync-domain' is now in state Ok(). Previous state was Not Initialized.
2026-02-18 13:19:17,739 [canton-env-ec-27] INFO  c.d.c.p.s.CantonSyncService:participant=sandbox - Connected to domain and starting synchronisation: Domain 'local'
2026-02-18 13:19:17,746 [canton-env-ec-74] INFO  c.d.c.p.s.SyncDomain:participant=sandbox/domainId=local::12200c10cccc - Found 0 repair requests at request counters Seq()
2026-02-18 13:19:17,748 [canton-env-ec-31] INFO  c.d.c.s.c.SequencerClientImpl:participant=sandbox/domainId=local::12200c10cccc - No event found up to 0001-01-01T00:00:00Z. Resubscribing from the beginning.
2026-02-18 13:19:17,748 [canton-env-ec-31] INFO  c.d.c.s.c.SequencerClientImpl:participant=sandbox/domainId=local::12200c10cccc - Processing events from the SequencedEventStore from 0001-01-01T00:00:00.000001Z on
2026-02-18 13:19:17,749 [canton-env-ec-27] INFO  c.d.c.s.c.SequencerClientImpl:participant=sandbox/domainId=local::12200c10cccc - Starting subscription for alias=SEQ::local::12200c10cccc... at timestamp None; next counter 0
2026-02-18 13:19:17,749 [canton-env-ec-27] INFO  c.d.c.h.DelegatingMutableHealthComponent:participant=sandbox/domainId=local::12200c10cccc - 'sequencer-client' is now in state Ok(). Previous state was Not Initialized.
2026-02-18 13:19:17,749 [canton-env-ec-27] INFO  c.d.c.h.MutableHealthComponent:participant=sandbox - 'sequencer-client' is now in state Ok(). Previous state was Not Initialized.
2026-02-18 13:19:17,749 [canton-env-ec-27] INFO  c.d.c.h.MutableHealthComponent:participant=sandbox - 'sequencer-client' is now in state Ok(). Previous state was Not Initialized.
2026-02-18 13:19:17,756 [canton-env-ec-71] INFO  c.d.c.d.s.a.MemberAuthenticationServiceOld:domain=local - PAR::sandbox::12209b97fc5e... authenticated new token with expiry 2026-02-18T19:19:17.755890Z
2026-02-18 13:19:17,757 [canton-env-ec-93] INFO  c.d.c.d.s.s.GrpcSequencerService:domain=local - PAR::sandbox::12209b97fc5e... subscribes from counter=0
2026-02-18 13:19:17,762 [canton-env-ec-91] INFO  c.d.c.s.c.SequencedEventValidatorImpl:participant=sandbox/domainId=local::12200c10cccc tid:db5916d2cbbdabdc5b36cc163ab4adbd - Skipping signature verification of the first sequenced event due to a fresh subscription from SEQ::local::12200c10cccc...
2026-02-18 13:19:17,763 [canton-env-ec-28] INFO  c.d.c.p.s.SyncDomain:participant=sandbox/domainId=local::12200c10cccc tid:db5916d2cbbdabdc5b36cc163ab4adbd - Caught up with batch with counter=0 with sequencer with 671 ms delay
2026-02-18 13:19:17,763 [canton-env-ec-28] INFO  c.d.c.p.s.SyncDomain$EventProcessingMonitor:participant=sandbox/domainId=local::12200c10cccc tid:db5916d2cbbdabdc5b36cc163ab4adbd - Replaying requests 0 up to clean prehead -1
2026-02-18 13:19:17,763 [canton-env-ec-28] INFO  c.d.c.p.s.SyncDomain$EventProcessingMonitor:participant=sandbox/domainId=local::12200c10cccc tid:db5916d2cbbdabdc5b36cc163ab4adbd - Replaying or processing locally stored events with sequencer counters 0 to -1
2026-02-18 13:19:17,769 [canton-env-ec-27] INFO  c.d.c.p.p.DefaultMessageDispatcher:participant=sandbox/domainId=local::12200c10cccc tid:db5916d2cbbdabdc5b36cc163ab4adbd - Processing event at sc=0, ts=2026-02-18T18:19:17.092295Z, with contents=DomainTopologyTransactionMessage
2026-02-18 13:19:17,770 [canton-env-ec-28] INFO  c.d.c.t.p.DomainTopologyTransactionMessageValidator$Impl:participant=sandbox tid:db5916d2cbbdabdc5b36cc163ab4adbd - Using approximate topology snapshot at 0001-01-01T00:00:00.000001Z for desired timestamp 2026-02-18T18:19:17.092295Z
2026-02-18 13:19:17,776 [canton-env-ec-28] INFO  c.d.c.t.p.TopologyTransactionProcessor:participant=sandbox tid:db5916d2cbbdabdc5b36cc163ab4adbd - Updated topology change delay from=0s to 0.25s
2026-02-18 13:19:17,777 [canton-env-ec-29] INFO  c.d.c.t.p.TopologyTransactionProcessor:participant=sandbox tid:db5916d2cbbdabdc5b36cc163ab4adbd - Storing topology transaction 1/10 Add NamespaceDelegation(12200c10cccc..., SigningPublicKey(id = 12200c10cccc..., format = Tink, scheme = Ed25519), true) with ts=EffectiveTime(2026-02-18T18:19:17.092295Z) (epsilon=0 ms)
2026-02-18 13:19:17,777 [canton-env-ec-29] INFO  c.d.c.t.p.TopologyTransactionProcessor:participant=sandbox tid:db5916d2cbbdabdc5b36cc163ab4adbd - Storing topology transaction 2/10 Add OwnerToKeyMapping(DOM::local::12200c10cccc..., SigningPublicKey(id = 1220909bdf50..., format = Tink, scheme = Ed25519)) with ts=EffectiveTime(2026-02-18T18:19:17.092295Z) (epsilon=0 ms)
2026-02-18 13:19:17,777 [canton-env-ec-29] INFO  c.d.c.t.p.TopologyTransactionProcessor:participant=sandbox tid:db5916d2cbbdabdc5b36cc163ab4adbd - Storing topology transaction 3/10 Add OwnerToKeyMapping(MED::local::12200c10cccc..., SigningPublicKey(id = 1220cba5c52b..., format = Tink, scheme = Ed25519)) with ts=EffectiveTime(2026-02-18T18:19:17.092295Z) (epsilon=0 ms)
2026-02-18 13:19:17,777 [canton-env-ec-29] INFO  c.d.c.t.p.TopologyTransactionProcessor:participant=sandbox tid:db5916d2cbbdabdc5b36cc163ab4adbd - Storing topology transaction 4/10 Add OwnerToKeyMapping(SEQ::local::12200c10cccc..., SigningPublicKey(id = 1220061c6ebc..., format = Tink, scheme = Ed25519)) with ts=EffectiveTime(2026-02-18T18:19:17.092295Z) (epsilon=0 ms)
2026-02-18 13:19:17,777 [canton-env-ec-29] INFO  c.d.c.t.p.TopologyTransactionProcessor:participant=sandbox tid:db5916d2cbbdabdc5b36cc163ab4adbd - Storing topology transaction 5/10 Add NamespaceDelegation(12209b97fc5e..., SigningPublicKey(id = 12209b97fc5e..., format = Tink, scheme = Ed25519), true) with ts=EffectiveTime(2026-02-18T18:19:17.092295Z) (epsilon=0 ms)
2026-02-18 13:19:17,777 [canton-env-ec-29] INFO  c.d.c.t.p.TopologyTransactionProcessor:participant=sandbox tid:db5916d2cbbdabdc5b36cc163ab4adbd - Storing topology transaction 6/10 Add ParticipantState(From, local::12200c10cccc..., PAR::sandbox::12209b97fc5e..., Submission, Ordinary) with ts=EffectiveTime(2026-02-18T18:19:17.092295Z) (epsilon=0 ms)
2026-02-18 13:19:17,777 [canton-env-ec-29] INFO  c.d.c.t.p.TopologyTransactionProcessor:participant=sandbox tid:db5916d2cbbdabdc5b36cc163ab4adbd - Storing topology transaction 7/10 Add MediatorDomainState(Both, local::12200c10cccc..., MED::local::12200c10cccc...) with ts=EffectiveTime(2026-02-18T18:19:17.092295Z) (epsilon=0 ms)
2026-02-18 13:19:17,778 [canton-env-ec-29] INFO  c.d.c.t.p.TopologyTransactionProcessor:participant=sandbox tid:db5916d2cbbdabdc5b36cc163ab4adbd - Storing topology transaction 8/10 Add OwnerToKeyMapping(PAR::sandbox::12209b97fc5e..., SigningPublicKey(id = 122023bd7f9b..., format = Tink, scheme = Ed25519)) with ts=EffectiveTime(2026-02-18T18:19:17.092295Z) (epsilon=0 ms)
2026-02-18 13:19:17,778 [canton-env-ec-29] INFO  c.d.c.t.p.TopologyTransactionProcessor:participant=sandbox tid:db5916d2cbbdabdc5b36cc163ab4adbd - Storing topology transaction 9/10 Add OwnerToKeyMapping(PAR::sandbox::12209b97fc5e..., EncryptionPublicKey(id = 1220ab0e8329..., format = Tink, scheme = ECIES-P256_HMAC256_AES128-GCM)) with ts=EffectiveTime(2026-02-18T18:19:17.092295Z) (epsilon=0 ms)
2026-02-18 13:19:17,778 [canton-env-ec-29] INFO  c.d.c.t.p.TopologyTransactionProcessor:participant=sandbox tid:db5916d2cbbdabdc5b36cc163ab4adbd - Storing topology transaction 10/10 Replace DomainParametersChange(
  local::12200c10cccc...,
  DynamicDomainParameters(
    participant response timeout = 30s,
    mediator reaction timeout = 30s,
    transfer exclusivity timeout = 1m,
    topology change delay = 0.25s,
    ledger time record time tolerance = 1m,
    mediator deduplication timeout = 2m,
    reconciliation interval = 1m,
    max rate per participant = 1000000,
    max request size = 10485760,
    catchup config = CatchUpConfig(catchUpIntervalSkip = 5, nrIntervalsToTriggerCatchUp = 2)
  )
) with ts=EffectiveTime(2026-02-18T18:19:17.092295Z) (epsilon=0 ms)
2026-02-18 13:19:17,783 [canton-env-ec-28] INFO  c.d.c.p.t.c.MissingKeysAlerter:participant=sandbox tid:db5916d2cbbdabdc5b36cc163ab4adbd - Domain local::12200c10cccc... update my participant permission as of 2026-02-18T18:19:17.092295Z to Submission, Ordinary
2026-02-18 13:19:17,788 [input-mapping-pool-2] INFO  c.d.c.p.i.p.ParallelIndexerSubscription:participant=sandbox tid:db5916d2cbbdabdc5b36cc163ab4adbd - Storing at offset=000000000000000003 PartyAddedToParticipant(recordTime = 2026-02-18T18:19:17.785666Z, party = sandbox::12209b97fc5e..., displayName = '', participantId = sandbox::12209b97fc5e..., ...)
2026-02-18 13:19:17,810 [canton-env-ec-27] INFO  c.d.c.p.p.DefaultMessageDispatcher:participant=sandbox/domainId=local::12200c10cccc tid:db5916d2cbbdabdc5b36cc163ab4adbd - Processing event at sc=1, ts=2026-02-18T18:19:17.104349Z, with contents=DomainTopologyTransactionMessage
2026-02-18 13:19:17,812 [canton-env-ec-27] INFO  c.d.c.t.p.TopologyTransactionProcessor:participant=sandbox tid:db5916d2cbbdabdc5b36cc163ab4adbd - Storing topology transaction 1/1 Add ParticipantState(To, local::12200c10cccc..., PAR::sandbox::12209b97fc5e..., Submission, Ordinary) with ts=EffectiveTime(2026-02-18T18:19:17.354349Z) (epsilon=250 ms)
2026-02-18 13:19:18,090 [canton-env-ec-29] INFO  c.d.c.d.s.s.GrpcSequencerService:domain=local tid:d4d7cb3952a59e73e27e21d415c7ecbb - 'PAR::sandbox::12209b97fc5e...' sends request with id 'd966ce06-e049-443f-99c2-53fd28d979d8' of size 2080 bytes with 1 envelopes.
2026-02-18 13:19:18,102 [canton-env-ec-88] INFO  c.d.c.p.p.DefaultMessageDispatcher:participant=sandbox/domainId=local::12200c10cccc tid:d4d7cb3952a59e73e27e21d415c7ecbb - Processing event at sc=2, ts=2026-02-18T18:19:18.093574Z, messageId=d966ce06-e049-443f-99c2-53fd28d979d8, with contents=Seq()
2026-02-18 13:19:18,105 [canton-env-ec-27] INFO  c.d.c.d.t.DomainTopologyManager:domain=local tid:d4d7cb3952a59e73e27e21d415c7ecbb - Applied topology transaction Add VettedPackages(
  participant = sandbox::12209b97fc5e...,
  packages = Seq(
    7748754b5e4d...,
    65921e553a35...,
    6851f194e144...,
    57b5c520512c...,
    cb0552debf21...,
    3f4deaf145a1...,
    86828b984346...,
    f20de1e4e37b...,
    76bf0fd12bd9...,
    38e6274601b2...,
    d58cf9939847...,
    40f452260bef...,
    e491352788e5...,
    6839a6d3d430...,
    518032f41fd0...,
    d704ffbe6102...,
    82fa64bf7428...,
    852d8e3a8ccf...,
    10e0333b52bb...,
    bfcd37bd6b84...,
    cc348d369011...,
    057eed1fd48c...,
    d14e08374fc7...,
    c1f1f0055879...,
    6c2c0667393c...,
    e22bce619ae2...,
    e4cc67c3264e...,
    8a7806365bbd...,
    97b883cd8a2b...,
    5921708ce82f...,
    733e38d36a27...,
    99a2705ed38c...
  )
) at 2026-02-18T18:19:18.104921Z
2026-02-18 13:19:18,106 [canton-env-ec-71] INFO  c.d.c.d.t.DomainTopologyManagerRequestService:domain=local tid:d4d7cb3952a59e73e27e21d415c7ecbb - Register topology request by PAR::sandbox::12209b97fc5e... for PAR::sandbox::12209b97fc5e... yielded
  Accepted -> Add VettedPackages(
  participant = sandbox::12209b97fc5e...,
  packages = Seq(
    7748754b5e4d...,
    65921e553a35...,
    6851f194e144...,
    57b5c520512c...,
    cb0552debf21...,
    3f4deaf145a1...,
    86828b984346...,
    f20de1e4e37b...,
    76bf0fd12bd9...,
    38e6274601b2...,
    d58cf9939847...,
    40f452260bef...,
    e491352788e5...,
    6839a6d3d430...,
    518032f41fd0...,
    d704ffbe6102...,
    82fa64bf7428...,
    852d8e3a8ccf...,
    10e0333b52bb...,
    bfcd37bd6b84...,
    cc348d369011...,
    057eed1fd48c...,
    d14e08374fc7...,
    c1f1f0055879...,
    6c2c0667393c...,
    e22bce619ae2...,
    e4cc67c3264e...,
    8a7806365bbd...,
    97b883cd8a2b...,
    5921708ce82f...,
    733e38d36a27...,
    99a2705ed38c...
  )
)
2026-02-18 13:19:18,109 [canton-env-ec-90] INFO  c.d.c.d.s.s.GrpcSequencerService:domain=local tid:d4d7cb3952a59e73e27e21d415c7ecbb - 'DOM::local::12200c10cccc...' sends request with id '9755cd23-decc-4a60-b235-fc384e8237d9' of size 520 bytes with 1 envelopes.
2026-02-18 13:19:18,109 [canton-env-ec-88] INFO  c.d.c.d.s.s.GrpcSequencerService:domain=local tid:d4d7cb3952a59e73e27e21d415c7ecbb - 'DOM::local::12200c10cccc...' sends request with id '5fe45bc8-f380-4e7d-a95e-0b91be792b1a' of size 2216 bytes with 1 envelopes.
2026-02-18 13:19:18,116 [canton-env-ec-29] INFO  c.d.c.p.p.DefaultMessageDispatcher:participant=sandbox/domainId=local::12200c10cccc tid:d4d7cb3952a59e73e27e21d415c7ecbb - Processing event at sc=3, ts=2026-02-18T18:19:18.111028Z, with contents=RegisterTopologyTransactionResponse
2026-02-18 13:19:18,118 [canton-env-ec-93] INFO  c.d.c.p.s.SyncDomainEphemeralState:participant=sandbox/domain-alias=local - 'sync-domain-ephemeral' is now in state Ok(). Previous state was Not Initialized.
2026-02-18 13:19:18,118 [canton-env-ec-71] INFO  c.d.c.p.p.DefaultMessageDispatcher:participant=sandbox/domainId=local::12200c10cccc tid:d4d7cb3952a59e73e27e21d415c7ecbb - Processing event at sc=4, ts=2026-02-18T18:19:18.111538Z, with contents=DomainTopologyTransactionMessage
2026-02-18 13:19:18,118 [canton-env-ec-93] INFO  c.d.c.h.MutableHealthComponent:participant=sandbox - 'sync-domain-ephemeral' is now in state Ok(). Previous state was Not Initialized.
2026-02-18 13:19:18,118 [canton-env-ec-93] INFO  c.d.c.h.MutableHealthComponent:participant=sandbox - 'sync-domain-ephemeral' is now in state Ok(). Previous state was Not Initialized.
2026-02-18 13:19:18,119 [canton-env-ec-31] INFO  c.d.c.t.p.TopologyTransactionProcessor:domain=local/node=mediator/client=mediator tid:d4d7cb3952a59e73e27e21d415c7ecbb - Storing topology transaction 1/1 Add VettedPackages(
  participant = sandbox::12209b97fc5e...,
  packages = Seq(
    7748754b5e4d...,
    65921e553a35...,
    6851f194e144...,
    57b5c520512c...,
    cb0552debf21...,
    3f4deaf145a1...,
    86828b984346...,
    f20de1e4e37b...,
    76bf0fd12bd9...,
    38e6274601b2...,
    d58cf9939847...,
    40f452260bef...,
    e491352788e5...,
    6839a6d3d430...,
    518032f41fd0...,
    d704ffbe6102...,
    82fa64bf7428...,
    852d8e3a8ccf...,
    10e0333b52bb...,
    bfcd37bd6b84...,
    cc348d369011...,
    057eed1fd48c...,
    d14e08374fc7...,
    c1f1f0055879...,
    6c2c0667393c...,
    e22bce619ae2...,
    e4cc67c3264e...,
    8a7806365bbd...,
    97b883cd8a2b...,
    5921708ce82f...,
    733e38d36a27...,
    99a2705ed38c...
  )
) with ts=EffectiveTime(2026-02-18T18:19:18.361538Z) (epsilon=250 ms)
2026-02-18 13:19:18,119 [canton-env-ec-91] INFO  c.d.c.t.p.TopologyTransactionProcessor:domain=local/client=topology-manager tid:d4d7cb3952a59e73e27e21d415c7ecbb - Storing topology transaction 1/1 Add VettedPackages(
  participant = sandbox::12209b97fc5e...,
  packages = Seq(
    7748754b5e4d...,
    65921e553a35...,
    6851f194e144...,
    57b5c520512c...,
    cb0552debf21...,
    3f4deaf145a1...,
    86828b984346...,
    f20de1e4e37b...,
    76bf0fd12bd9...,
    38e6274601b2...,
    d58cf9939847...,
    40f452260bef...,
    e491352788e5...,
    6839a6d3d430...,
    518032f41fd0...,
    d704ffbe6102...,
    82fa64bf7428...,
    852d8e3a8ccf...,
    10e0333b52bb...,
    bfcd37bd6b84...,
    cc348d369011...,
    057eed1fd48c...,
    d14e08374fc7...,
    c1f1f0055879...,
    6c2c0667393c...,
    e22bce619ae2...,
    e4cc67c3264e...,
    8a7806365bbd...,
    97b883cd8a2b...,
    5921708ce82f...,
    733e38d36a27...,
    99a2705ed38c...
  )
) with ts=EffectiveTime(2026-02-18T18:19:18.361538Z) (epsilon=250 ms)
2026-02-18 13:19:18,120 [canton-env-ec-93] INFO  c.d.c.t.p.TopologyTransactionProcessor:participant=sandbox tid:d4d7cb3952a59e73e27e21d415c7ecbb - Storing topology transaction 1/1 Add VettedPackages(
  participant = sandbox::12209b97fc5e...,
  packages = Seq(
    7748754b5e4d...,
    65921e553a35...,
    6851f194e144...,
    57b5c520512c...,
    cb0552debf21...,
    3f4deaf145a1...,
    86828b984346...,
    f20de1e4e37b...,
    76bf0fd12bd9...,
    38e6274601b2...,
    d58cf9939847...,
    40f452260bef...,
    e491352788e5...,
    6839a6d3d430...,
    518032f41fd0...,
    d704ffbe6102...,
    82fa64bf7428...,
    852d8e3a8ccf...,
    10e0333b52bb...,
    bfcd37bd6b84...,
    cc348d369011...,
    057eed1fd48c...,
    d14e08374fc7...,
    c1f1f0055879...,
    6c2c0667393c...,
    e22bce619ae2...,
    e4cc67c3264e...,
    8a7806365bbd...,
    97b883cd8a2b...,
    5921708ce82f...,
    733e38d36a27...,
    99a2705ed38c...
  )
) with ts=EffectiveTime(2026-02-18T18:19:18.361538Z) (epsilon=250 ms)
2026-02-18 13:19:18,129 [canton-env-ec-31] INFO  c.d.c.p.a.s.ApiActiveContractsService:participant=sandbox tid:282742c2ab63579357a436104e5110e2 - Received request for active contracts: GetActiveContractsRequest(sandbox,Some(TransactionFilter(Map(sandbox::12209b97fc5eef63d7f6699711ac106823a41480611fdfa28cfb144cfe52057df749 -> Filters(Some(InclusiveFilters(Vector(Identifier(65921e553a353588e950cbc87e98a127730e63295f7ad8d3adae952ef0133b3e,PingPong,PingProposal), Identifier(65921e553a353588e950cbc87e98a127730e63295f7ad8d3adae952ef0133b3e,PingPong,Ping), Identifier(65921e553a353588e950cbc87e98a127730e63295f7ad8d3adae952ef0133b3e,PingPong,Pong), Identifier(65921e553a353588e950cbc87e98a127730e63295f7ad8d3adae952ef0133b3e,PingPong,Explode), Identifier(65921e553a353588e950cbc87e98a127730e63295f7ad8d3adae952ef0133b3e,PingPong,Merge), Identifier(65921e553a353588e950cbc87e98a127730e63295f7ad8d3adae952ef0133b3e,PingPong,Collapse)),Vector(),Vector())))))),false,), filters -> {sandbox::12209b97fc5eef63d7f6699711ac106823a41480611fdfa28cfb144cfe52057df749: ['65921e553a353588e950cbc87e98a127730e63295f7ad8d3adae952ef0133b3e:PingPong:Pong', '65921e553a353588e950cbc87e98a127730e63295f7ad8d3adae952ef0133b3e:PingPong:Collapse', '65921e553a353588e950cbc87e98a127730e63295f7ad8d3adae952ef0133b3e:PingPong:PingProposal', '65921e553a353588e950cbc87e98a127730e63295f7ad8d3adae952ef0133b3e:PingPong:Explode', '65921e553a353588e950cbc87e98a127730e63295f7ad8d3adae952ef0133b3e:PingPong:Merge', '65921e553a353588e950cbc87e98a127730e63295f7ad8d3adae952ef0133b3e:PingPong:Ping']}.
2026-02-18 13:19:18,142 [main] INFO  c.d.c.e.CommunityEnvironment tid:3caa7f32656554aa09ab273630d35515 - Successfully started all nodes
2026-02-18 13:19:18,142 [main] INFO  c.digitalasset.canton.ServerRunner - Canton started
2026-02-18 13:19:18,641 [canton-env-ec-92] INFO  c.d.c.d.s.s.GrpcSequencerService:domain=local tid:f3d0660d45801dabb4af9ed29d03cae8 - 'PAR::sandbox::12209b97fc5e...' sends request with id 'tick-b6e92959-8307-4e54-b5f2-7f4acdc73cda' of size 338 bytes with 0 envelopes.
